1689039618718:help
1689039630557:readAll-book
1689039895459:help
1689039904654:-rall-book
1689041454995:help
1689084222388:-rall-book
1689281580496:-raal-book
1689281586681:-rall-ook
1689281591504:-rall-book
1689596954895:help
1689596964452:-rbi-book
1689627518739:-u-book
1689627587715:help
1689627595687:-rall-book
1689627618253:-rbi-book
1689902696574:help
1689902738486:-rall-book
1689902745223:-c-book
1689905088785:-u-book
1689905181888:-rall-book
1689905187873:-c-book
1689905210411:-rall-book
1689905218003:-u-book
1689905257513:-rall-book
1689905267208:-c-book
1689905329335:-raal-book
1689905334703:-rall-book
1689905347357:-u-book
1689905373790:-rall-book
1689905383590:-u-book
1689905418808:-rall-book
1689905498344:-c-book
1692320786018:-rall-book
1692320946960:-r-update
1692320950910:help
1692320960569:-rall-book
1692320964275:-u-book
1692320983197:-u-book a 2 a 2 a f,f,f,f
1692320997114:-u-book 1 a 2 a 2 a f,f,f,f
1692321014409:stacktrace
1692321159862:-u-book 1 a 2 a 2 a f,f,f,f
1692321171905:-rall-book
1692321234475:-u-book 1 a 2 a 2 a a,a,a,a,a
1692321239228:stacktrace
1692321291856:-u-book 1 a 2 a 2 a f,f,f,f
1692321301774:stacktrace
1695172917243:-rbi-book 1
1695172952973:-rall-book
1695173008655:-c-book test 22222 test 2222 test
1695173058686:-rall-book
1695173068948:-rbi-book 2
1695173141824:-u-book 2 aaaa 11111 aaaaa 11111 aaaaa
1695173151139:-rall-book
1695173222304:-rbi-book 2
1695173533583:-s-book-c 2 testtesttest
1695173605024:-rbi-book 2
1695174067953:-d-book 2
1695174072163:-rbi-book 2
1695174078212:-rall-book
1695174099234:-s-book-c 1 testestestes
1695174105825:-rbi-book 1
1695174114464:-rall-book
1696364452801:-rbi-book 651c775708159d51c6d84b5c
1696364467895:-rall-book
1696364502203:-d-book 651c775708159d51c6d84b5c
1696364506598:-rall-book
1696364537831:-s-book-c 651c775708159d51c6d84b5d nice book!
1696364544683:-rall-bok
1696364559446:-rall-book
1696364566587:-rbi-book 651c775708159d51c6d84b5d
1696364595682:-s-book-c 651c775708159d51c6d84b5d 3323323232
1696364606239:-rbi-book 651c775708159d51c6d84b5d
1696364826886:-rall-book
1696364862066:-s-book-c 651c7912a528e47a10c5f23c nicenicenice
1696364871951:-rbi-book 651c7912a528e47a10c5f23c
1696364953145:-rbi-book
1696364958479:-rall-book
1696364963870:-rbi-book 651c79916d56b2489a1af98d
1696364979472:-s-book-c 651c79916d56b2489a1af98d hehehehe
1696364999536:stacktrace
1696365214589:-rall-book
1696365224662:-s-c-book 651c7a90ac78d433bea3bbad fwefwef
1696365245696:-rbi-book 651c7a90ac78d433bea3bbad
1696365256370:-s-book-c 651c7a90ac78d433bea3bbad efwefwef
1696365263513:-rbi-book 651c7a90ac78d433bea3bbad
1696365271121:-s-book-c 651c7a90ac78d433bea3bbad efwefwef
1696365279510:-rbi-book 651c7a90ac78d433bea3bbad
