1689039618718:help
1689039630557:readAll-book
1689039895459:help
1689039904654:-rall-book
1689041454995:help
1689084222388:-rall-book
1689281580496:-raal-book
1689281586681:-rall-ook
1689281591504:-rall-book
1689596954895:help
1689596964452:-rbi-book
1689627518739:-u-book
1689627587715:help
1689627595687:-rall-book
1689627618253:-rbi-book
1689902696574:help
1689902738486:-rall-book
1689902745223:-c-book
1689905088785:-u-book
1689905181888:-rall-book
1689905187873:-c-book
1689905210411:-rall-book
1689905218003:-u-book
1689905257513:-rall-book
1689905267208:-c-book
1689905329335:-raal-book
1689905334703:-rall-book
1689905347357:-u-book
1689905373790:-rall-book
1689905383590:-u-book
1689905418808:-rall-book
1689905498344:-c-book
1692289955579:-c-book a 2 a 2 a [s,s,s,s]
1692289968068:-rib-all
1692289981626:-rall-book
1692290030884:-c-book a a a a a q a
1692290051651:-c-book a 2 a 2 a [f,3,f,3,f]
1692290127691:-c-book a 2 a 2 a f f f f
1692290144319:-c-book a 2 a 2 a f,f,f,f,f
1692290646236:-rall-book
1692290667725:stacktrace
1692290739305:-rall-book
1692291300538:-raal-book
1692291305829:-rall-book
1693868123993:stacktrace
1693868200317:-rall-book
1693868205444:stacktrace
1693868236655:-rall-book
1693868299256:stacktrace
1693871742126:-rall-books
1693871747952:-rall-book
1693871754081:stacktrace
1693871827716:-rall-book
1693871833266:stacktrace
1693872307393:-rall-books
1693872311138:stacktrace
1693872321333:-rall-book
1693872324927:stacktrace
1693872563549:-rall-book
1693872900099:stacktrace
1693872938404:-rall-book
1693873101863:-rbi-book
1693873112178:-rbi-book 1
1694429585509:rbi-book-
1694429589904:-rbi-book
1694429595488:-rbi-book 1
1694429603574:-rbi-book 2
1694429618013:stacktrace
1694430099055:-r-all
1694430103457:-rall-book
1694430232266:-ri-book
1694430253765:-rbi-book 1
1694430274442:-rbi-book 2
1694430278591:stacktrace
1694430291021:-rbi-book 1
1694430365395:-rbi-book 2
1694430368506:stacktrace
1694430489034:-rbi-book 1
1694430492741:-rbi-book 2
1694430500789:stactrace
1694430505810:stacktrace
1694430524202:-rbi-book 2
1694430527908:stacktrace
1694430545103:-rbi-book 1
1694430559825:-rall-book
1694430923335:stacktrace
1694431040591:-rbi-book 1
