1693927654715:-rbi-book 1
1693927659785:-rall-book
1693927685583:-c-book test test 12345 test 12345 test
1693927701592:-d-book 1
1693927710699:-s-book-c 1 test
1693927715367:stacktrace
1693927802911:-c-book test 123 test 123 test
1693927812653:-rall-book
1693928015445:-rbi-book 1
1693928024688:-rall-book
1693928038244:-c-book
1693928055124:-c-book test 123 test 123 test
1693928063488:-rall-book
1693928074074:-d-book 2
1693928080677:-rall-book
1693928090618:-c-book test 123 test 123 test
1693928095691:-rall-book
1693928106617:-s-book-c 3 hehfujwhfiwnefg
1693928115618:-rall-book
1693928122444:-s-book-c 3 hehfujwhfiwnefg
1693928125662:-rall-book
1693928144354:-u-book 1 gggg 22222 ggggg 2222 gggg
1693928148799:-rall-book
