1689039618718:help
1689039630557:readAll-book
1689039895459:help
1689039904654:-rall-book
1689041454995:help
1689084222388:-rall-book
1689281580496:-raal-book
1689281586681:-rall-ook
1689281591504:-rall-book
1689596954895:help
1689596964452:-rbi-book
1689627518739:-u-book
1689627587715:help
1689627595687:-rall-book
1689627618253:-rbi-book
1689902696574:help
1689902738486:-rall-book
1689902745223:-c-book
1689905088785:-u-book
1689905181888:-rall-book
1689905187873:-c-book
1689905210411:-rall-book
1689905218003:-u-book
1689905257513:-rall-book
1689905267208:-c-book
1689905329335:-raal-book
1689905334703:-rall-book
1689905347357:-u-book
1689905373790:-rall-book
1689905383590:-u-book
1689905418808:-rall-book
1689905498344:-c-book
1692320786018:-rall-book
1692320946960:-r-update
1692320950910:help
1692320960569:-rall-book
1692320964275:-u-book
1692320983197:-u-book a 2 a 2 a f,f,f,f
1692320997114:-u-book 1 a 2 a 2 a f,f,f,f
1692321014409:stacktrace
1692321159862:-u-book 1 a 2 a 2 a f,f,f,f
1692321171905:-rall-book
1692321234475:-u-book 1 a 2 a 2 a a,a,a,a,a
1692321239228:stacktrace
1692321291856:-u-book 1 a 2 a 2 a f,f,f,f
1692321301774:stacktrace
